<?xml version="1.0" encoding="UTF-8"?>
<testsuite xmlns:xsi="http://www.w3.org/2001/XMLSchema-instance" xsi:noNamespaceSchemaLocation="https://maven.apache.org/surefire/maven-surefire-plugin/xsd/surefire-test-report.xsd" name="au.com.workingmouse.challenge.MainTest" time="5.643" tests="4" errors="0" skipped="0" failures="0">
  <properties>
[...]
</properties>
  <testcase name="loadAndParseFileTest" classname="au.com.workingmouse.challenge.MainTest" time="0.443"/>
  <testcase name="main" classname="au.com.workingmouse.challenge.MainTest" time="0.031"/>
  <testcase name="writeFileSingleLine" classname="au.com.workingmouse.challenge.MainTest" time="3.046"/>
  <testcase name="writeFileMultilineLine" classname="au.com.workingmouse.challenge.MainTest" time="0.827"/>
</testsuite>